<?xml version="1.0" encoding="UTF-8"?>
<!-- Generated by org.testng.reporters.JUnitReportReporter -->
<testsuite hostname="Aaradana" failures="0" tests="1" name="testCases.LoginTestCases" time="6.697" errors="0" timestamp="2022-03-11T09:21:23 EST" skipped="0">
  <testcase classname="testCases.LoginTestCases" name="TravelsLoginPageObjects" time="6.697"/>
  <system-out/>
</testsuite> <!-- testCases.LoginTestCases -->
